--------------------------------------------------------------------------------
JobId          : tobias-0-69e0d71b
Name           : carazolol
Program        : LigPrep
Version        : 2025-2 build 133
Host           : tobias
Dir            : /mnt/data/dk/work/Boltz2-Overview/sdf
HostEntry      : localhost
JobHost        : tobias
JobDir         : /mnt/data/dk/scratch/dk/carazolol
JobSchrodinger : /mnt/data/dk/Schrodinger_2025_2
Commandline    : /mnt/data/dk/Schrodinger_2025_2/ligprep -s 1 -i 2 -W i,-ph,7.4,-pht,0.0 -t 1 -HOST localhost:1 -ismi ../smiles/carazolol.smi -osd carazolol.sdf
StartTime      : 2026-04-16-14:33:32
--------------------------------------------------------------------------------
LigPrep (version 74133). Copyright Schrodinger, LLC. All rights reserved.

LigPrep command:
$SCHRODINGER/ligprep -s 1 -i 2 -W i,-ph,7.4,-pht,0.0 -t 1 -ismi ../smiles/carazolol.smi -osd carazolol.sdf

Processing steps:
$DO.smiconvert_in -orig_file_index 0 -orig_file ../smiles/carazolol.smi -max_atom 200 carazolol.smi
$DO.sdstereoexpander -add_hydrogens -max_output 1 -max_generated 32 <infile.mae> <outfile.mae>
$DO.htreat -t All-None -a all -s -l 200 <infile.mae> <outfile.mae>
$DO.desalter <infile.mae> <outfile.mae>
$DO.neutralizer -d -m 200 <infile.mae> <outfile.mae>
$DO.guard <infile.mae> <outfile.mae>
$DO.ionizer -mg 10 -ph 7.4 -pht 0.0 <infile.mae> <outfile.mae>
$DO.tautomerizer -n 1 -ma 200 <infile.mae> <outfile.mae>
$DO.stereoizer -label_specified_chiralities -n 1 <infile.mae> <outfile.mae>
$DO.cgx -optimize -ffld 14 -epsilon 10.0 <infile.mae> <outfile.mae>
$DO.filterstereo -max_stereo 1 <infile.mae> <outfile.mae>

DO=$SCHRODINGER/run python3 -m schrodinger.application.macromodel.packages.ligprep3

# counts of output and dropped structures after processing steps
# index  sdstex  htreat  desalt  neutra   guard  ionize  tautom  stereo    cgx   filter  title
WARNING: entry #1: empty title, assigning generic '../smiles/carazolol.smi:1'.
       1   1/0     1/0     1/0     1/0     1/0     1/0     1/0     1/0     1/0     1/0   '../smiles/carazolol.smi:1'

# of processed structures in "carazolol.sdf" : 1
# of dropped structures in "carazolol-dropped.smi" : 0

backend run time: 0 hours 0 minutes 1.329 seconds
